# JRE version: OpenJDK Runtime Environment (8.0_60-b27) (build 1.8.0_60-b27)
# Java VM: OpenJDK 64-Bit Server VM (25.60-b23 mixed mode linux-amd64 compressed oops)
Heap:
 PSYoungGen      total 9728K, used 4271K [0x00000000f5900000, 0x00000000f6380000, 0x0000000100000000)
  eden space 8704K, 37% used [0x00000000f5900000,0x00000000f5c33cf0,0x00000000f6180000)
  from space 1024K, 96% used [0x00000000f6180000,0x00000000f6278010,0x00000000f6280000)
  to   space 1024K, 0% used [0x00000000f6280000,0x00000000f6280000,0x00000000f6380000)
 ParOldGen       total 22016K, used 4322K [0x00000000e0a00000, 0x00000000e1f80000, 0x00000000f5900000)
  object space 22016K, 19% used [0x00000000e0a00000,0x00000000e0e38ae8,0x00000000e1f80000)
 Metaspace       used 17323K, capacity 17475K, committed 17792K, reserved 1064960K
  class space    used 1734K, capacity 1796K, committed 1920K, reserved 1048576K
GC Heap History (6 events):
Event: 0.495 GC heap before
{Heap before GC invocations=1 (full 0):
 PSYoungGen      total 9728K, used 8704K [0x00000000f5900000, 0x00000000f6380000, 0x0000000100000000)
  eden space 8704K, 100% used [0x00000000f5900000,0x00000000f6180000,0x00000000f6180000)
  from space 1024K, 0% used [0x00000000f6280000,0x00000000f6280000,0x00000000f6380000)
  to   space 1024K, 0% used [0x00000000f6180000,0x00000000f6180000,0x00000000f6280000)
 ParOldGen       total 22016K, used 0K [0x00000000e0a00000, 0x00000000e1f80000, 0x00000000f5900000)
  object space 22016K, 0% used [0x00000000e0a00000,0x00000000e0a00000,0x00000000e1f80000)
 Metaspace       used 10421K, capacity 10642K, committed 10752K, reserved 1058816K
  class space    used 1121K, capacity 1206K, committed 1280K, reserved 1048576K
Event: 0.500 GC heap after
Heap after GC invocations=1 (full 0):
 PSYoungGen      total 9728K, used 1008K [0x00000000f5900000, 0x00000000f6380000, 0x0000000100000000)
  eden space 8704K, 0% used [0x00000000f5900000,0x00000000f5900000,0x00000000f6180000)
  from space 1024K, 98% used [0x00000000f6180000,0x00000000f627c020,0x00000000f6280000)
  to   space 1024K, 0% used [0x00000000f6280000,0x00000000f6280000,0x00000000f6380000)
 ParOldGen       total 22016K, used 1666K [0x00000000e0a00000, 0x00000000e1f80000, 0x00000000f5900000)
  object space 22016K, 7% used [0x00000000e0a00000,0x00000000e0ba0b98,0x00000000e1f80000)
 Metaspace       used 10421K, capacity 10642K, committed 10752K, reserved 1058816K
  class space    used 1121K, capacity 1206K, committed 1280K, reserved 1048576K
}
Event: 4.885 GC heap before
{Heap before GC invocations=2 (full 0):
 PSYoungGen      total 9728K, used 9712K [0x00000000f5900000, 0x00000000f6380000, 0x0000000100000000)
  eden space 8704K, 100% used [0x00000000f5900000,0x00000000f6180000,0x00000000f6180000)
  from space 1024K, 98% used [0x00000000f6180000,0x00000000f627c020,0x00000000f6280000)
  to   space 1024K, 0% used [0x00000000f6280000,0x00000000f6280000,0x00000000f6380000)
 ParOldGen       total 22016K, used 1666K [0x00000000e0a00000, 0x00000000e1f80000, 0x00000000f5900000)
  object space 22016K, 7% used [0x00000000e0a00000,0x00000000e0ba0b98,0x00000000e1f80000)
 Metaspace       used 13885K, capacity 14070K, committed 14464K, reserved 1062912K
  class space    used 1506K, capacity 1579K, committed 1664K, reserved 1048576K
Event: 4.889 GC heap after
Heap after GC invocations=2 (full 0):
 PSYoungGen      total 9728K, used 992K [0x00000000f5900000, 0x00000000f6380000, 0x0000000100000000)
  eden space 8704K, 0% used [0x00000000f5900000,0x00000000f5900000,0x00000000f6180000)
  from space 1024K, 96% used [0x00000000f6280000,0x00000000f6378010,0x00000000f6380000)
  to   space 1024K, 0% used [0x00000000f6180000,0x00000000f6180000,0x00000000f6280000)
 ParOldGen       total 22016K, used 3244K [0x00000000e0a00000, 0x00000000e1f80000, 0x00000000f5900000)
  object space 22016K, 14% used [0x00000000e0a00000,0x00000000e0d2b370,0x00000000e1f80000)
 Metaspace       used 13885K, capacity 14070K, committed 14464K, reserved 1062912K
  class space    used 1506K, capacity 1579K, committed 1664K, reserved 1048576K
}
Event: 5.190 GC heap before
{Heap before GC invocations=3 (full 0):
 PSYoungGen      total 9728K, used 9318K [0x00000000f5900000, 0x00000000f6380000, 0x0000000100000000)
  eden space 8704K, 95% used [0x00000000f5900000,0x00000000f61219b8,0x00000000f6180000)
  from space 1024K, 96% used [0x00000000f6280000,0x00000000f6378010,0x00000000f6380000)
  to   space 1024K, 0% used [0x00000000f6180000,0x00000000f6180000,0x00000000f6280000)
 ParOldGen       total 22016K, used 3244K [0x00000000e0a00000, 0x00000000e1f80000, 0x00000000f5900000)
  object space 22016K, 14% used [0x00000000e0a00000,0x00000000e0d2b370,0x00000000e1f80000)
 Metaspace       used 14632K, capacity 14806K, committed 15104K, reserved 1062912K
  class space    used 1625K, capacity 1675K, committed 1792K, reserved 1048576K
Event: 5.193 GC heap after
Heap after GC invocations=3 (full 0):
 PSYoungGen      total 9728K, used 992K [0x00000000f5900000, 0x00000000f6380000, 0x0000000100000000)
  eden space 8704K, 0% used [0x00000000f5900000,0x00000000f5900000,0x00000000f6180000)
  from space 1024K, 96% used [0x00000000f6180000,0x00000000f6278010,0x00000000f6280000)
  to   space 1024K, 0% used [0x00000000f6280000,0x00000000f6280000,0x00000000f6380000)
 ParOldGen       total 22016K, used 4322K [0x00000000e0a00000, 0x00000000e1f80000, 0x00000000f5900000)
  object space 22016K, 19% used [0x00000000e0a00000,0x00000000e0e38ae8,0x00000000e1f80000)
 Metaspace       used 14632K, capacity 14806K, committed 15104K, reserved 1062912K
  class space    used 1625K, capacity 1675K, committed 1792K, reserved 1048576K
}

